[debug] [2020-10-07T11:03:06.751Z] ----------------------------------------------------------------------
[debug] [2020-10-07T11:03:06.753Z] Command:       /usr/local/bin/node /usr/local/bin/firebase deploy
[debug] [2020-10-07T11:03:06.754Z] CLI Version:   8.11.0
[debug] [2020-10-07T11:03:06.754Z] Platform:      darwin
[debug] [2020-10-07T11:03:06.754Z] Node Version:  v10.16.0
[debug] [2020-10-07T11:03:06.755Z] Time:          Wed Oct 07 2020 18:03:06 GMT+0700 (Indochina Time)
[debug] [2020-10-07T11:03:06.755Z] ----------------------------------------------------------------------
[debug] [2020-10-07T11:03:06.755Z] 
[debug] [2020-10-07T11:03:06.766Z] > command requires scopes: ["email","openid","https://www.googleapis.com/auth/cloudplatformprojects.readonly","https://www.googleapis.com/auth/firebase","https://www.googleapis.com/auth/cloud-platform"]
[debug] [2020-10-07T11:03:06.767Z] > authorizing via signed-in user
[debug] [2020-10-07T11:03:06.767Z] [iam] checking project walter-bf123 for permissions ["firebase.projects.get","firebasehosting.sites.update"]
[debug] [2020-10-07T11:03:06.772Z] >>> HTTP REQUEST POST https://cloudresourcemanager.googleapis.com/v1/projects/walter-bf123:testIamPermissions  
 {"permissions":["firebase.projects.get","firebasehosting.sites.update"]}
[debug] [2020-10-07T11:03:08.180Z] <<< HTTP RESPONSE 200 {"content-type":"application/json; charset=UTF-8","vary":"X-Origin, Referer, Origin,Accept-Encoding","date":"Wed, 07 Oct 2020 11:03:07 GMT","server":"ESF","cache-control":"private","x-xss-protection":"0","x-frame-options":"SAMEORIGIN","x-content-type-options":"nosniff","server-timing":"gfet4t7; dur=566","alt-svc":"h3-Q050=\":443\"; ma=2592000,h3-29=\":443\"; ma=2592000,h3-27=\":443\"; ma=2592000,h3-T051=\":443\"; ma=2592000,h3-T050=\":443\"; ma=2592000,h3-Q046=\":443\"; ma=2592000,h3-Q043=\":443\"; ma=2592000,quic=\":443\"; ma=2592000; v=\"46,43\"","accept-ranges":"none","transfer-encoding":"chunked"}
[debug] [2020-10-07T11:03:08.182Z] >>> HTTP REQUEST GET https://firebase.googleapis.com/v1beta1/projects/walter-bf123  
 
[debug] [2020-10-07T11:03:09.406Z] <<< HTTP RESPONSE 200 {"content-type":"application/json; charset=UTF-8","vary":"X-Origin, Referer, Origin,Accept-Encoding","date":"Wed, 07 Oct 2020 11:03:09 GMT","server":"ESF","cache-control":"private","x-xss-protection":"0","x-frame-options":"SAMEORIGIN","x-content-type-options":"nosniff","alt-svc":"h3-Q050=\":443\"; ma=2592000,h3-29=\":443\"; ma=2592000,h3-27=\":443\"; ma=2592000,h3-T051=\":443\"; ma=2592000,h3-T050=\":443\"; ma=2592000,h3-Q046=\":443\"; ma=2592000,h3-Q043=\":443\"; ma=2592000,quic=\":443\"; ma=2592000; v=\"46,43\"","accept-ranges":"none","transfer-encoding":"chunked"}
[info] 
[info] === Deploying to 'walter-bf123'...
[info] 
[info] i  deploying hosting 
[debug] [2020-10-07T11:03:09.410Z] >>> HTTP REQUEST POST https://firebasehosting.googleapis.com/v1beta1/sites/walter89/versions  
 {"config":{"rewrites":[{"glob":"**","path":"/index.html"}]},"labels":{"deployment-tool":"cli-firebase"}}
[debug] [2020-10-07T11:03:11.250Z] <<< HTTP RESPONSE 200 {"content-type":"application/json; charset=UTF-8","vary":"X-Origin, Referer, Origin,Accept-Encoding","date":"Wed, 07 Oct 2020 11:03:11 GMT","server":"ESF","cache-control":"private","x-xss-protection":"0","x-frame-options":"SAMEORIGIN","x-content-type-options":"nosniff","alt-svc":"h3-Q050=\":443\"; ma=2592000,h3-29=\":443\"; ma=2592000,h3-27=\":443\"; ma=2592000,h3-T051=\":443\"; ma=2592000,h3-T050=\":443\"; ma=2592000,h3-Q046=\":443\"; ma=2592000,h3-Q043=\":443\"; ma=2592000,quic=\":443\"; ma=2592000; v=\"46,43\"","accept-ranges":"none","transfer-encoding":"chunked"}
[info] i  hosting[walter89]: beginning deploy... 
[info] i  hosting[walter89]: found 50 files in build 
[debug] [2020-10-07T11:03:11.468Z] [hosting] hash cache [YnVpbGQ] stored for 50 files
[debug] [2020-10-07T11:03:11.470Z] [hosting][hash queue][FINAL] {"max":169,"min":38,"avg":49.98,"active":0,"complete":50,"success":50,"errored":0,"retried":0,"total":50,"elapsed":196}
[debug] [2020-10-07T11:03:11.471Z] >>> HTTP REQUEST POST https://firebasehosting.googleapis.com/v1beta1/sites/walter89/versions/d6970fd81f8bb980:populateFiles  
 <request body omitted>
[debug] [2020-10-07T11:03:12.784Z] <<< HTTP RESPONSE 200 {"content-type":"application/json; charset=UTF-8","vary":"X-Origin, Referer, Origin,Accept-Encoding","date":"Wed, 07 Oct 2020 11:03:12 GMT","server":"ESF","cache-control":"private","x-xss-protection":"0","x-frame-options":"SAMEORIGIN","x-content-type-options":"nosniff","alt-svc":"h3-Q050=\":443\"; ma=2592000,h3-29=\":443\"; ma=2592000,h3-27=\":443\"; ma=2592000,h3-T051=\":443\"; ma=2592000,h3-T050=\":443\"; ma=2592000,h3-Q046=\":443\"; ma=2592000,h3-Q043=\":443\"; ma=2592000,quic=\":443\"; ma=2592000; v=\"46,43\"","accept-ranges":"none","transfer-encoding":"chunked"}
[debug] [2020-10-07T11:03:12.790Z] [hosting][populate queue][FINAL] {"max":1327,"min":1327,"avg":1327,"active":0,"complete":1,"success":1,"errored":0,"retried":0,"total":1,"elapsed":1332}
[debug] [2020-10-07T11:03:12.790Z] [hosting] uploads queued: 8
[debug] [2020-10-07T11:03:15.329Z] [hosting][upload queue][FINAL] {"max":2544,"min":2150,"avg":2239.375,"active":0,"complete":8,"success":8,"errored":0,"retried":0,"total":8,"elapsed":2544}
[info] ✔  hosting[walter89]: file upload complete 
[debug] [2020-10-07T11:03:15.331Z] [hosting] deploy completed after 4079ms
[debug] [2020-10-07T11:03:15.332Z] [
  {
    "config": {
      "site": "walter89",
      "public": "build",
      "ignore": [
        "firebase.json",
        "**/.*",
        "**/node_modules/**"
      ],
      "rewrites": [
        {
          "source": "**",
          "destination": "/index.html"
        }
      ]
    },
    "site": "walter89",
    "version": "sites/walter89/versions/d6970fd81f8bb980"
  }
]
[info] i  hosting[walter89]: finalizing version... 
[debug] [2020-10-07T11:03:15.333Z] >>> HTTP REQUEST PATCH https://firebasehosting.googleapis.com/v1beta1/sites/walter89/versions/d6970fd81f8bb980?updateMask=status  
 {"status":"FINALIZED"}
